SF:C:\WorkPlace\Senthil\Github\PinewoodCustomerSolution\PinewoodCustomerSolution\PinewoodCustomerApiSolution\PwCustomer.Api\Program.cs
FN:5,System.Void Program::Main(System.String[])
FNDA:0,System.Void Program::Main(System.String[])
DA:6,0
DA:7,0
DA:8,0
DA:9,0
DA:10,0
DA:11,0
DA:12,0
DA:13,0
DA:14,0
LF:9
LH:0
BRF:0
BRH:0
FNF:1
FNH:0
end_of_record
SF:C:\WorkPlace\Senthil\Github\PinewoodCustomerSolution\PinewoodCustomerSolution\PinewoodCustomerApiSolution\PwCustomer.Api\Startup.cs
FN:11,Microsoft.Extensions.Configuration.IConfiguration PwCustomer.Api.Startup::get_Configuration()
FNDA:0,Microsoft.Extensions.Configuration.IConfiguration PwCustomer.Api.Startup::get_Configuration()
DA:12,0
FN:35,System.Void PwCustomer.Api.Startup::ConfigureServices(Microsoft.Extensions.DependencyInjection.IServiceCollection)
FNDA:0,System.Void PwCustomer.Api.Startup::ConfigureServices(Microsoft.Extensions.DependencyInjection.IServiceCollection)
DA:36,0
DA:37,0
DA:40,0
DA:42,0
DA:43,0
DA:44,0
DA:45,0
DA:46,0
DA:47,0
DA:48,0
DA:49,0
DA:50,0
DA:51,0
DA:52,0
DA:54,0
DA:55,0
DA:56,0
DA:58,0
DA:59,0
DA:61,0
DA:63,0
DA:64,0
DA:65,0
DA:66,0
DA:67,0
BRDA:63,191,0,0
BRDA:63,191,1,0
FN:69,System.Void PwCustomer.Api.Startup::Configure(Microsoft.AspNetCore.Builder.IApplicationBuilder)
FNDA:0,System.Void PwCustomer.Api.Startup::Configure(Microsoft.AspNetCore.Builder.IApplicationBuilder)
DA:70,0
DA:71,0
DA:72,0
DA:74,0
DA:75,0
DA:77,0
DA:78,0
DA:79,0
DA:80,0
DA:81,0
DA:82,0
DA:84,0
DA:86,0
DA:87,0
DA:89,0
DA:90,0
DA:91,0
DA:92,0
DA:93,0
DA:94,0
DA:95,0
DA:96,0
DA:97,0
DA:99,0
DA:100,0
DA:101,0
DA:102,0
DA:104,0
DA:105,0
BRDA:77,77,0,0
BRDA:77,77,1,0
FN:107,System.Void PwCustomer.Api.Startup::AddInitialData(PwCustomer.Infrastructure.CustomerDbContext)
FNDA:0,System.Void PwCustomer.Api.Startup::AddInitialData(PwCustomer.Infrastructure.CustomerDbContext)
DA:108,0
DA:109,0
DA:110,0
DA:111,0
DA:112,0
DA:113,0
DA:114,0
DA:115,0
FN:17,System.Void PwCustomer.Api.Startup::.ctor(Microsoft.AspNetCore.Hosting.IWebHostEnvironment,Microsoft.Extensions.Configuration.IConfiguration,Microsoft.Extensions.Logging.ILogger`1<PwCustomer.Api.Startup>)
FNDA:0,System.Void PwCustomer.Api.Startup::.ctor(Microsoft.AspNetCore.Hosting.IWebHostEnvironment,Microsoft.Extensions.Configuration.IConfiguration,Microsoft.Extensions.Logging.ILogger`1<PwCustomer.Api.Startup>)
DA:18,0
DA:19,0
DA:20,0
DA:21,0
DA:22,0
DA:24,0
DA:26,0
DA:27,0
DA:28,0
DA:29,0
DA:30,0
DA:32,0
DA:33,0
LF:76
LH:0
BRF:6
BRH:0
FNF:5
FNH:0
end_of_record
SF:C:\WorkPlace\Senthil\Github\PinewoodCustomerSolution\PinewoodCustomerSolution\PinewoodCustomerApiSolution\PwCustomer.Api\Controllers\CustomerController.cs
FN:15,System.Void PwCustomer.Api.Controllers.CustomerController::.ctor(PwCustomer.Application.ICustomerService,Microsoft.Extensions.Logging.ILogger`1<PwCustomer.Api.Controllers.CustomerController>)
FNDA:3,System.Void PwCustomer.Api.Controllers.CustomerController::.ctor(PwCustomer.Application.ICustomerService,Microsoft.Extensions.Logging.ILogger`1<PwCustomer.Api.Controllers.CustomerController>)
DA:16,3
DA:17,3
DA:18,3
DA:19,3
DA:20,3
FN:68,System.Collections.Generic.IEnumerable`1<Microsoft.AspNetCore.Mvc.ModelBinding.ModelError> PwCustomer.Api.Controllers.CustomerController/<>c::<CreateCustomer>b__5_0(Microsoft.AspNetCore.Mvc.ModelBinding.ModelStateEntry)
FNDA:0,System.Collections.Generic.IEnumerable`1<Microsoft.AspNetCore.Mvc.ModelBinding.ModelError> PwCustomer.Api.Controllers.CustomerController/<>c::<CreateCustomer>b__5_0(Microsoft.AspNetCore.Mvc.ModelBinding.ModelStateEntry)
DA:69,0
FN:62,System.Void PwCustomer.Api.Controllers.CustomerController/<CreateCustomer>d__5::MoveNext()
FNDA:0,System.Void PwCustomer.Api.Controllers.CustomerController/<CreateCustomer>d__5::MoveNext()
DA:63,0
DA:65,0
DA:66,0
DA:67,0
DA:68,0
DA:70,0
DA:71,0
DA:72,0
DA:73,0
DA:74,0
DA:76,0
DA:78,0
DA:80,0
DA:81,0
DA:82,0
DA:83,0
DA:85,0
BRDA:66,48,0,0
BRDA:70,287,1,0
BRDA:70,287,0,0
BRDA:66,48,1,0
FN:112,System.Void PwCustomer.Api.Controllers.CustomerController/<DeleteCustomer>d__7::MoveNext()
FNDA:0,System.Void PwCustomer.Api.Controllers.CustomerController/<DeleteCustomer>d__7::MoveNext()
DA:113,0
DA:115,0
DA:116,0
DA:118,0
DA:119,0
DA:120,0
DA:121,0
DA:123,0
DA:124,0
DA:125,0
DA:126,0
DA:128,0
FN:43,System.Void PwCustomer.Api.Controllers.CustomerController/<GetAllCustomersAsync>d__4::MoveNext()
FNDA:3,System.Void PwCustomer.Api.Controllers.CustomerController/<GetAllCustomersAsync>d__4::MoveNext()
DA:44,3
DA:46,3
DA:47,3
DA:49,1
DA:50,1
DA:51,1
DA:52,1
DA:54,1
DA:55,1
DA:56,1
DA:57,1
DA:59,3
FN:23,System.Void PwCustomer.Api.Controllers.CustomerController/<GetCustomerAsync>d__3::MoveNext()
FNDA:0,System.Void PwCustomer.Api.Controllers.CustomerController/<GetCustomerAsync>d__3::MoveNext()
DA:24,0
DA:26,0
DA:27,0
DA:28,0
DA:30,0
DA:31,0
DA:32,0
DA:33,0
DA:35,0
DA:36,0
DA:37,0
DA:38,0
DA:40,0
FN:88,System.Void PwCustomer.Api.Controllers.CustomerController/<UpdateCustomer>d__6::MoveNext()
FNDA:0,System.Void PwCustomer.Api.Controllers.CustomerController/<UpdateCustomer>d__6::MoveNext()
DA:89,0
DA:91,0
DA:92,0
DA:93,0
DA:94,0
DA:97,0
DA:99,0
DA:100,0
DA:101,0
DA:102,0
DA:104,0
DA:105,0
DA:106,0
DA:107,0
DA:109,0
BRDA:92,48,0,0
BRDA:92,48,1,0
LF:75
LH:17
BRF:6
BRH:0
FNF:7
FNH:2
end_of_record
SF:C:\WorkPlace\Senthil\Github\PinewoodCustomerSolution\PinewoodCustomerSolution\PinewoodCustomerApiSolution\PwCustomer.Application\CustomerService.cs
FN:8,System.Void PwCustomer.Application.CustomerService::.ctor(PwCustomer.Application.ICustomerRepository)
FNDA:0,System.Void PwCustomer.Application.CustomerService::.ctor(PwCustomer.Application.ICustomerRepository)
DA:9,0
DA:10,0
DA:11,0
DA:12,0
FN:14,System.Void PwCustomer.Application.CustomerService/<CreateCustomerAsync>d__2::MoveNext()
FNDA:0,System.Void PwCustomer.Application.CustomerService/<CreateCustomerAsync>d__2::MoveNext()
DA:15,0
DA:17,0
DA:18,0
DA:20,0
DA:21,0
DA:22,0
DA:24,0
DA:25,0
DA:26,0
DA:28,0
FN:30,System.Void PwCustomer.Application.CustomerService/<DeleteCustomerAsync>d__3::MoveNext()
FNDA:0,System.Void PwCustomer.Application.CustomerService/<DeleteCustomerAsync>d__3::MoveNext()
DA:31,0
DA:33,0
DA:34,0
DA:36,0
DA:37,0
DA:38,0
DA:40,0
DA:41,0
DA:42,0
DA:44,0
FN:46,System.Void PwCustomer.Application.CustomerService/<GetAllCustomerAsync>d__4::MoveNext()
FNDA:0,System.Void PwCustomer.Application.CustomerService/<GetAllCustomerAsync>d__4::MoveNext()
DA:47,0
DA:48,0
DA:49,0
FN:51,System.Void PwCustomer.Application.CustomerService/<GetCustomerByIdAsync>d__5::MoveNext()
FNDA:0,System.Void PwCustomer.Application.CustomerService/<GetCustomerByIdAsync>d__5::MoveNext()
DA:52,0
DA:54,0
DA:55,0
DA:57,0
DA:58,0
DA:59,0
DA:61,0
DA:62,0
DA:63,0
DA:65,0
FN:67,System.Void PwCustomer.Application.CustomerService/<UpdateCustomerAsync>d__6::MoveNext()
FNDA:0,System.Void PwCustomer.Application.CustomerService/<UpdateCustomerAsync>d__6::MoveNext()
DA:68,0
DA:70,0
DA:71,0
DA:73,0
DA:74,0
DA:75,0
DA:77,0
DA:78,0
DA:79,0
DA:81,0
LF:47
LH:0
BRF:0
BRH:0
FNF:6
FNH:0
end_of_record
SF:C:\WorkPlace\Senthil\Github\PinewoodCustomerSolution\PinewoodCustomerSolution\PinewoodCustomerApiSolution\PwCustomer.Application\Exceptions\CustomerNotFoundException.cs
FN:5,System.Void PwCustomer.Application.NotFoundException::.ctor(System.String)
FNDA:1,System.Void PwCustomer.Application.NotFoundException::.ctor(System.String)
DA:6,1
DA:7,1
DA:8,1
FN:10,System.Void PwCustomer.Application.NotFoundException::.ctor(System.String,System.Exception)
FNDA:0,System.Void PwCustomer.Application.NotFoundException::.ctor(System.String,System.Exception)
DA:11,0
DA:12,0
DA:13,0
FN:18,System.Void PwCustomer.Application.CustomerNotFoundException::.ctor(System.String)
FNDA:1,System.Void PwCustomer.Application.CustomerNotFoundException::.ctor(System.String)
DA:19,1
DA:20,1
DA:21,1
FN:23,System.Void PwCustomer.Application.CustomerNotFoundException::.ctor(System.String,System.Exception)
FNDA:0,System.Void PwCustomer.Application.CustomerNotFoundException::.ctor(System.String,System.Exception)
DA:24,0
DA:25,0
DA:26,0
LF:12
LH:6
BRF:0
BRH:0
FNF:4
FNH:2
end_of_record
SF:C:\WorkPlace\Senthil\Github\PinewoodCustomerSolution\PinewoodCustomerSolution\PinewoodCustomerApiSolution\PwCustomer.Domain\Customer.cs
FN:10,System.Int32 PwCustomer.Domain.Customer::get_Id()
FNDA:1,System.Int32 PwCustomer.Domain.Customer::get_Id()
DA:11,1
FN:14,System.String PwCustomer.Domain.Customer::get_FirstName()
FNDA:2,System.String PwCustomer.Domain.Customer::get_FirstName()
DA:15,2
FN:18,System.String PwCustomer.Domain.Customer::get_LastName()
FNDA:2,System.String PwCustomer.Domain.Customer::get_LastName()
DA:19,2
FN:22,System.String PwCustomer.Domain.Customer::get_Email()
FNDA:2,System.String PwCustomer.Domain.Customer::get_Email()
DA:23,2
FN:25,System.Int64 PwCustomer.Domain.Customer::get_PhoneNumber()
FNDA:2,System.Int64 PwCustomer.Domain.Customer::get_PhoneNumber()
DA:26,2
FN:28,System.String PwCustomer.Domain.Customer::get_City()
FNDA:2,System.String PwCustomer.Domain.Customer::get_City()
DA:29,2
FN:31,System.Boolean PwCustomer.Domain.Customer/<Validate>d__24::MoveNext()
FNDA:0,System.Boolean PwCustomer.Domain.Customer/<Validate>d__24::MoveNext()
DA:32,0
DA:33,0
DA:34,0
DA:35,0
DA:36,0
DA:37,0
DA:38,0
DA:39,0
BRDA:33,61,0,0
BRDA:33,61,1,0
LF:14
LH:6
BRF:2
BRH:0
FNF:7
FNH:6
end_of_record
SF:C:\WorkPlace\Senthil\Github\PinewoodCustomerSolution\PinewoodCustomerSolution\PinewoodCustomerApiSolution\PwCustomer.Infrastructure\CustomerDbContext.cs
FN:12,Microsoft.EntityFrameworkCore.DbSet`1<PwCustomer.Domain.Customer> PwCustomer.Infrastructure.CustomerDbContext::get_Customers()
FNDA:0,Microsoft.EntityFrameworkCore.DbSet`1<PwCustomer.Domain.Customer> PwCustomer.Infrastructure.CustomerDbContext::get_Customers()
DA:13,0
FN:15,System.Void PwCustomer.Infrastructure.CustomerDbContext::OnModelCreating(Microsoft.EntityFrameworkCore.ModelBuilder)
FNDA:0,System.Void PwCustomer.Infrastructure.CustomerDbContext::OnModelCreating(Microsoft.EntityFrameworkCore.ModelBuilder)
DA:16,0
DA:17,0
DA:18,0
DA:19,0
FN:9,System.Void PwCustomer.Infrastructure.CustomerDbContext::.ctor(Microsoft.EntityFrameworkCore.DbContextOptions`1<PwCustomer.Infrastructure.CustomerDbContext>)
FNDA:0,System.Void PwCustomer.Infrastructure.CustomerDbContext::.ctor(Microsoft.EntityFrameworkCore.DbContextOptions`1<PwCustomer.Infrastructure.CustomerDbContext>)
DA:10,0
DA:11,0
LF:7
LH:0
BRF:0
BRH:0
FNF:3
FNH:0
end_of_record
SF:C:\WorkPlace\Senthil\Github\PinewoodCustomerSolution\PinewoodCustomerSolution\PinewoodCustomerApiSolution\PwCustomer.Infrastructure\CustomerDI.cs
FN:9,Microsoft.Extensions.DependencyInjection.IServiceCollection PwCustomer.Infrastructure.CustomerDI::AddInfraServices(Microsoft.Extensions.DependencyInjection.IServiceCollection)
FNDA:0,Microsoft.Extensions.DependencyInjection.IServiceCollection PwCustomer.Infrastructure.CustomerDI::AddInfraServices(Microsoft.Extensions.DependencyInjection.IServiceCollection)
DA:10,0
DA:11,0
DA:12,0
DA:13,0
DA:15,0
DA:16,0
DA:17,0
LF:7
LH:0
BRF:0
BRH:0
FNF:1
FNH:0
end_of_record
SF:C:\WorkPlace\Senthil\Github\PinewoodCustomerSolution\PinewoodCustomerSolution\PinewoodCustomerApiSolution\PwCustomer.Infrastructure\CustomerRepository.cs
FN:10,System.Void PwCustomer.Infrastructure.CustomerRepository::.ctor(PwCustomer.Infrastructure.CustomerDbContext)
FNDA:0,System.Void PwCustomer.Infrastructure.CustomerRepository::.ctor(PwCustomer.Infrastructure.CustomerDbContext)
DA:11,0
DA:12,0
DA:13,0
DA:14,0
FN:16,System.Void PwCustomer.Infrastructure.CustomerRepository/<CreateCustomer>d__2::MoveNext()
FNDA:0,System.Void PwCustomer.Infrastructure.CustomerRepository/<CreateCustomer>d__2::MoveNext()
DA:17,0
DA:19,0
DA:20,0
DA:21,0
DA:23,0
DA:24,0
DA:25,0
DA:27,0
FN:29,System.Void PwCustomer.Infrastructure.CustomerRepository/<DeleteCustomer>d__3::MoveNext()
FNDA:0,System.Void PwCustomer.Infrastructure.CustomerRepository/<DeleteCustomer>d__3::MoveNext()
DA:30,0
DA:32,0
DA:33,0
DA:34,0
DA:35,0
DA:37,0
DA:38,0
DA:39,0
DA:41,0
FN:43,System.Void PwCustomer.Infrastructure.CustomerRepository/<GetAllAsync>d__4::MoveNext()
FNDA:0,System.Void PwCustomer.Infrastructure.CustomerRepository/<GetAllAsync>d__4::MoveNext()
DA:44,0
DA:46,0
DA:47,0
DA:48,0
DA:50,0
DA:51,0
DA:52,0
DA:54,0
BRDA:48,180,0,0
BRDA:48,180,1,0
FN:56,System.Void PwCustomer.Infrastructure.CustomerRepository/<GetByIdAsync>d__5::MoveNext()
FNDA:0,System.Void PwCustomer.Infrastructure.CustomerRepository/<GetByIdAsync>d__5::MoveNext()
DA:57,0
DA:59,0
DA:60,0
DA:62,0
DA:63,0
DA:64,0
DA:66,0
FN:90,System.Void PwCustomer.Infrastructure.CustomerRepository/<GetCustomerById>d__7::MoveNext()
FNDA:0,System.Void PwCustomer.Infrastructure.CustomerRepository/<GetCustomerById>d__7::MoveNext()
DA:91,0
DA:92,0
DA:93,0
DA:94,0
BRDA:93,181,0,0
BRDA:93,181,1,0
FN:68,System.Void PwCustomer.Infrastructure.CustomerRepository/<UpdateCustomer>d__6::MoveNext()
FNDA:0,System.Void PwCustomer.Infrastructure.CustomerRepository/<UpdateCustomer>d__6::MoveNext()
DA:69,0
DA:71,0
DA:72,0
DA:73,0
DA:74,0
DA:75,0
DA:77,0
DA:78,0
DA:80,0
DA:81,0
DA:82,0
DA:84,0
DA:85,0
DA:86,0
DA:88,0
BRDA:73,185,0,0
BRDA:73,185,1,0
LF:55
LH:0
BRF:6
BRH:0
FNF:7
FNH:0
end_of_record